<?xml version="1.0" encoding="UTF-8"?>
<testng-results ignored="0" total="1" passed="1" failed="0" skipped="0">
  <reporter-output>
  </reporter-output>
  <suite started-at="2022-07-07T19:21:55 IST" name="Surefire suite" finished-at="2022-07-07T19:22:03 IST" duration-ms="8177">
    <groups>
      <group name="cucumber">
        <method signature="AbstractTestNGCucumberTests.runScenario(io.cucumber.testng.PickleWrapper,io.cucumber.testng.FeatureWrapper)[pri:0, instance:runner.RunTest@776b83cc]" name="runScenario" class="io.cucumber.testng.AbstractTestNGCucumberTests"/>
      </group> <!-- cucumber -->
    </groups>
    <test started-at="2022-07-07T19:21:55 IST" name="Surefire test" finished-at="2022-07-07T19:22:03 IST" duration-ms="8177">
      <class name="runner.RunTest">
        <test-method is-config="true" signature="setUpClass()[pri:0, instance:runner.RunTest@776b83cc]" started-at="2022-07-07T19:21:55 IST" name="setUpClass" finished-at="2022-07-07T19:21:56 IST" duration-ms="442" status="PASS">
          <reporter-output>
          </reporter-output>
        </test-method> <!-- setUpClass -->
        <test-method signature="runScenario(io.cucumber.testng.PickleWrapper,io.cucumber.testng.FeatureWrapper)[pri:0, instance:runner.RunTest@776b83cc]" started-at="2022-07-07T19:21:56 IST" name="runScenario" description="Runs Cucumber Scenarios" data-provider="scenarios" finished-at="2022-07-07T19:22:03 IST" duration-ms="7373" status="PASS">
          <params>
            <param index="0">
              <value>
                <![CDATA["Create a new Request without Body"]]>
              </value>
            </param>
            <param index="1">
              <value>
                <![CDATA["Optional[Create New Change Request]"]]>
              </value>
            </param>
          </params>
          <reporter-output>
          </reporter-output>
        </test-method> <!-- runScenario -->
        <test-method is-config="true" signature="tearDownClass()[pri:0, instance:runner.RunTest@776b83cc]" started-at="2022-07-07T19:22:03 IST" name="tearDownClass" finished-at="2022-07-07T19:22:03 IST" duration-ms="326" status="PASS">
          <reporter-output>
          </reporter-output>
        </test-method> <!-- tearDownClass -->
      </class> <!-- runner.RunTest -->
    </test> <!-- Surefire test -->
  </suite> <!-- Surefire suite -->
</testng-results>
